2024-11-22 15:00:36,227 - INFO - Table 'students_new' ensured to exist.
2024-11-22 15:04:41,713 - INFO - Table 'students_new' ensured to exist.
2024-11-22 15:06:40,404 - INFO - Table 'students_new' ensured to exist.
2024-11-22 15:06:40,804 - INFO - Inserted student: PRN=2324000125, Roll No=A11, Name=justin tudo
2024-11-22 15:06:41,074 - INFO - Inserted student: PRN=2324000130, Roll No=A29, Name=jin ping
2024-11-22 15:06:41,391 - INFO - Inserted student: PRN=2324000123, Roll No=A35, Name=Narendra Modi
2024-11-22 15:06:41,655 - INFO - Inserted student: PRN=2324000184, Roll No=A52, Name=emaul macron
2024-11-22 15:06:41,971 - INFO - Inserted student: PRN=2324005968, Roll No=A55, Name=modi JI
2024-11-22 15:06:42,296 - INFO - Inserted student: PRN=2324000555, Roll No=A60, Name=donald Trump
2024-11-22 15:06:42,681 - INFO - Inserted student: PRN=2324000823, Roll No=A65, Name=South afriaca
2024-11-22 15:06:43,098 - INFO - Inserted student: PRN=2324005698, Roll No=A95, Name=inida presi
2024-11-22 15:06:43,098 - INFO - Database setup and image processing complete.
2024-11-22 15:10:45,535 - INFO - Table 'students_new' ensured to exist.
2024-11-22 15:10:45,535 - INFO - Processing images in directory: C:\Users\Aditya\OneDrive\Desktop\my projects\attendance_system\img_known
2024-11-22 15:10:45,936 - INFO - Student with PRN 2324000125 already exists. Skipping.
2024-11-22 15:10:46,186 - INFO - Student with PRN 2324000130 already exists. Skipping.
2024-11-22 15:10:46,456 - INFO - Student with PRN 2324000123 already exists. Skipping.
2024-11-22 15:10:46,679 - INFO - Student with PRN 2324000184 already exists. Skipping.
2024-11-22 15:10:46,948 - INFO - Student with PRN 2324005968 already exists. Skipping.
2024-11-22 15:10:47,250 - INFO - Student with PRN 2324000555 already exists. Skipping.
2024-11-22 15:10:47,568 - INFO - Student with PRN 2324000823 already exists. Skipping.
2024-11-22 15:10:47,995 - INFO - Student with PRN 2324005698 already exists. Skipping.
2024-11-22 15:10:47,995 - INFO - Database setup and image processing complete.
